{"environment":"development","level":"info","message":"OpenTelemetry is disabled by configuration","service":"gemna-backend","timestamp":"2026-04-12T16:02:23.041Z"}
{"environment":"development","level":"info","message":"Connecting to MongoDB","service":"gemna-backend","timestamp":"2026-04-12T16:02:23.047Z"}
{"environment":"development","host":"localhost","level":"info","message":"Connected to MongoDB","name":"GEMNA","service":"gemna-backend","timestamp":"2026-04-12T16:02:23.289Z"}
{"backendUrl":"http://localhost:3000","environment":"development","level":"info","message":"Server is listening","port":3000,"service":"gemna-backend","timestamp":"2026-04-12T16:02:29.530Z"}
{"environment":"development","level":"info","message":"OpenTelemetry is disabled by configuration","service":"gemna-backend","timestamp":"2026-04-12T16:04:04.630Z"}
{"environment":"development","level":"info","message":"Connecting to MongoDB","service":"gemna-backend","timestamp":"2026-04-12T16:04:04.634Z"}
{"environment":"development","host":"localhost","level":"info","message":"Connected to MongoDB","name":"GEMNA","service":"gemna-backend","timestamp":"2026-04-12T16:04:04.939Z"}
{"backendUrl":"http://localhost:3000","environment":"development","level":"info","message":"Server is listening","port":3000,"service":"gemna-backend","timestamp":"2026-04-12T16:04:11.078Z"}
{"environment":"development","level":"info","message":"Socket disconnected","reason":"client namespace disconnect","service":"gemna-backend","socketId":"stqrwaY5aLGAOsv8AAAB","timestamp":"2026-04-12T16:04:51.514Z","userId":"69723b24ff12672014dd2ace"}
{"durationMs":63.82,"environment":"development","ip":"::1","level":"http","message":"HTTP request completed","method":"GET","path":"/auth/google","requestId":"2921eccd-03a2-4c43-8d95-88155e063316","service":"gemna-backend","statusCode":302,"timestamp":"2026-04-12T16:05:08.931Z"}
{"email":"saurabhsharma63679383@gmail.com","environment":"development","googleId":"118398473555326896652","ip":"::1","level":"info","message":"Google OAuth login successful","method":"GET","path":"/auth/google/callback?state=06ffdf33f14719c1bc1cab448f61a911862be592a78f2ca5&iss=https%3A%2F%2Faccounts.google.com&code=4%2F0Aci98E_neJ7rhLre0Ox6fFYuSYZbxPa1V5zKQ8gdLaWXyvTNlcv3i_pBymEj6kozf2fVlw&scope=email+profile+https%3A%2F%2Fwww.googleapis.com%2Fauth%2Fuserinfo.profile+https%3A%2F%2Fwww.googleapis.com%2Fauth%2Fuserinfo.email+openid&authuser=1&prompt=consent","requestId":"cc5bc8af-35d8-4463-870c-b8fe376ea8fe","service":"gemna-backend","timestamp":"2026-04-12T16:05:21.976Z","userId":"69723bdcff12672014dd2ada"}
{"durationMs":1325.84,"environment":"development","ip":"::1","level":"http","message":"HTTP request completed","method":"GET","path":"/auth/google/callback?state=06ffdf33f14719c1bc1cab448f61a911862be592a78f2ca5&iss=https%3A%2F%2Faccounts.google.com&code=4%2F0Aci98E_neJ7rhLre0Ox6fFYuSYZbxPa1V5zKQ8gdLaWXyvTNlcv3i_pBymEj6kozf2fVlw&scope=email+profile+https%3A%2F%2Fwww.googleapis.com%2Fauth%2Fuserinfo.profile+https%3A%2F%2Fwww.googleapis.com%2Fauth%2Fuserinfo.email+openid&authuser=1&prompt=consent","requestId":"cc5bc8af-35d8-4463-870c-b8fe376ea8fe","service":"gemna-backend","statusCode":302,"timestamp":"2026-04-12T16:05:21.985Z"}
{"durationMs":7.47,"environment":"development","ip":"::1","level":"http","message":"HTTP request completed","method":"OPTIONS","path":"/student/account/access","requestId":"99cf395b-c3fa-4d97-be29-3dc464c55b97","service":"gemna-backend","statusCode":204,"timestamp":"2026-04-12T16:05:24.743Z"}
{"durationMs":206.23,"environment":"development","ip":"::1","level":"http","message":"HTTP request completed","method":"GET","path":"/student/account/access","requestId":"b1da6f75-fa74-4be4-8b36-21c88be29b29","service":"gemna-backend","statusCode":304,"timestamp":"2026-04-12T16:05:24.961Z"}
{"durationMs":5.96,"environment":"development","ip":"::1","level":"http","message":"HTTP request completed","method":"OPTIONS","path":"/api/v1/students/connection","requestId":"889fadfd-d614-4f1a-aee0-150df6785e72","service":"gemna-backend","statusCode":204,"timestamp":"2026-04-12T16:05:45.039Z"}
{"durationMs":2.52,"environment":"development","ip":"::1","level":"http","message":"HTTP request completed","method":"OPTIONS","path":"/api/v1/students","requestId":"b76bd69e-9406-4dec-acd5-3e870bcbbd29","service":"gemna-backend","statusCode":204,"timestamp":"2026-04-12T16:05:45.079Z"}
{"durationMs":210.28,"environment":"development","ip":"::1","level":"warn","message":"HTTP request completed","method":"GET","path":"/api/v1/students","requestId":"71f74557-6f53-4c25-a196-1e82548feb49","service":"gemna-backend","statusCode":401,"timestamp":"2026-04-12T16:05:45.299Z"}
{"durationMs":270.96,"environment":"development","ip":"::1","level":"http","message":"HTTP request completed","method":"GET","path":"/api/v1/students/connection","requestId":"210c42ef-ffdd-4513-b1c5-395f76ae61b9","service":"gemna-backend","statusCode":200,"timestamp":"2026-04-12T16:05:45.317Z"}
{"environment":"development","level":"info","message":"OpenTelemetry is disabled by configuration","service":"gemna-backend","timestamp":"2026-04-12T16:08:01.880Z"}
{"environment":"development","level":"info","message":"Connecting to MongoDB","service":"gemna-backend","timestamp":"2026-04-12T16:08:01.885Z"}
{"environment":"development","host":"localhost","level":"info","message":"Connected to MongoDB","name":"GEMNA","service":"gemna-backend","timestamp":"2026-04-12T16:08:02.093Z"}
{"backendUrl":"http://localhost:3000","environment":"development","level":"info","message":"Server is listening","port":3000,"service":"gemna-backend","timestamp":"2026-04-12T16:08:07.660Z"}
{"environment":"development","level":"info","message":"Socket disconnected","reason":"client namespace disconnect","service":"gemna-backend","socketId":"S4CBnDp41sx3Hdt8AAAB","timestamp":"2026-04-12T16:08:15.005Z","userId":"69723b24ff12672014dd2ace"}
{"durationMs":41.81,"environment":"development","ip":"::1","level":"http","message":"HTTP request completed","method":"GET","path":"/auth/google","requestId":"7e70c70f-cd7f-4ab1-9984-669b8e4499ef","service":"gemna-backend","statusCode":302,"timestamp":"2026-04-12T16:09:10.344Z"}
{"email":"saurabhsharma63679383@gmail.com","environment":"development","googleId":"118398473555326896652","ip":"::1","level":"info","message":"Google OAuth login successful","method":"GET","path":"/auth/google/callback?state=52972290287d3d0b0fb4c16247b5ab06a4f50c60aa88625f&iss=https%3A%2F%2Faccounts.google.com&code=4%2F0Aci98E8sksDnzdoO62_ewIbATDo5mznYqVLDVYyO0oll4Ev0ylm4y1d-fcGRy4ZE2_nZdA&scope=email+profile+https%3A%2F%2Fwww.googleapis.com%2Fauth%2Fuserinfo.profile+https%3A%2F%2Fwww.googleapis.com%2Fauth%2Fuserinfo.email+openid&authuser=1&prompt=consent","requestId":"1b7839fd-f838-4e50-9788-ff4edf37a841","service":"gemna-backend","timestamp":"2026-04-12T16:09:20.157Z","userId":"69723bdcff12672014dd2ada"}
{"durationMs":1018.07,"environment":"development","ip":"::1","level":"http","message":"HTTP request completed","method":"GET","path":"/auth/google/callback?state=52972290287d3d0b0fb4c16247b5ab06a4f50c60aa88625f&iss=https%3A%2F%2Faccounts.google.com&code=4%2F0Aci98E8sksDnzdoO62_ewIbATDo5mznYqVLDVYyO0oll4Ev0ylm4y1d-fcGRy4ZE2_nZdA&scope=email+profile+https%3A%2F%2Fwww.googleapis.com%2Fauth%2Fuserinfo.profile+https%3A%2F%2Fwww.googleapis.com%2Fauth%2Fuserinfo.email+openid&authuser=1&prompt=consent","requestId":"1b7839fd-f838-4e50-9788-ff4edf37a841","service":"gemna-backend","statusCode":302,"timestamp":"2026-04-12T16:09:20.163Z"}
{"durationMs":2.42,"environment":"development","ip":"::1","level":"http","message":"HTTP request completed","method":"OPTIONS","path":"/student/account/access","requestId":"7b40f9e8-05f4-4d84-96bb-5a341fa9c7f5","service":"gemna-backend","statusCode":204,"timestamp":"2026-04-12T16:09:22.869Z"}
{"durationMs":50.22,"environment":"development","ip":"::1","level":"http","message":"HTTP request completed","method":"GET","path":"/student/account/access","requestId":"7a44e13f-272b-4a52-9ab9-306e0f03284e","service":"gemna-backend","statusCode":304,"timestamp":"2026-04-12T16:09:22.929Z"}
{"durationMs":3.58,"environment":"development","ip":"::1","level":"http","message":"HTTP request completed","method":"OPTIONS","path":"/api/v1/students/connection","requestId":"7328fd21-c493-40ea-9a4f-fb39d176886b","service":"gemna-backend","statusCode":204,"timestamp":"2026-04-12T16:09:31.548Z"}
{"durationMs":2.52,"environment":"development","ip":"::1","level":"http","message":"HTTP request completed","method":"OPTIONS","path":"/api/v1/students","requestId":"5e339976-1a26-4c26-a764-6dee76bf7388","service":"gemna-backend","statusCode":204,"timestamp":"2026-04-12T16:09:31.583Z"}
{"durationMs":118.51,"environment":"development","ip":"::1","level":"warn","message":"HTTP request completed","method":"GET","path":"/api/v1/students","requestId":"8825ad15-f548-4cbf-91fc-507e67ed1077","service":"gemna-backend","statusCode":401,"timestamp":"2026-04-12T16:09:31.721Z"}
{"durationMs":182.08,"environment":"development","ip":"::1","level":"http","message":"HTTP request completed","method":"GET","path":"/api/v1/students/connection","requestId":"ffe321f5-ef1e-4ebc-85de-9049c994e5ee","service":"gemna-backend","statusCode":304,"timestamp":"2026-04-12T16:09:31.738Z"}
{"environment":"development","level":"info","message":"OpenTelemetry is disabled by configuration","service":"gemna-backend","timestamp":"2026-04-12T16:11:10.397Z"}
{"environment":"development","level":"info","message":"Connecting to MongoDB","service":"gemna-backend","timestamp":"2026-04-12T16:11:10.401Z"}
{"environment":"development","host":"localhost","level":"info","message":"Connected to MongoDB","name":"GEMNA","service":"gemna-backend","timestamp":"2026-04-12T16:11:10.610Z"}
{"backendUrl":"http://localhost:3000","environment":"development","level":"info","message":"Server is listening","port":3000,"service":"gemna-backend","timestamp":"2026-04-12T16:11:17.467Z"}
{"environment":"development","level":"info","message":"Socket disconnected","reason":"client namespace disconnect","service":"gemna-backend","socketId":"5vagjVgmO4Ezibr4AAAB","timestamp":"2026-04-12T16:11:45.765Z","userId":"69723b24ff12672014dd2ace"}
{"durationMs":40.25,"environment":"development","ip":"::1","level":"http","message":"HTTP request completed","method":"GET","path":"/auth/google","requestId":"007f6295-afcf-42be-ab44-3cc5cc298ee1","service":"gemna-backend","statusCode":302,"timestamp":"2026-04-12T16:11:54.473Z"}
{"email":"saurabhsharma63679383@gmail.com","environment":"development","googleId":"118398473555326896652","ip":"::1","level":"info","message":"Google OAuth login successful","method":"GET","path":"/auth/google/callback?state=3f03c335f319bace163d8d034c954dd0796e620776ea4c71&iss=https%3A%2F%2Faccounts.google.com&code=4%2F0Aci98E-IYrNbPTDBEkEXWFTZwnrwjWh22LKG4Ox7fc30Ib1H08hgvTonSoJ0bRjTU3Vzkg&scope=email+profile+https%3A%2F%2Fwww.googleapis.com%2Fauth%2Fuserinfo.profile+https%3A%2F%2Fwww.googleapis.com%2Fauth%2Fuserinfo.email+openid&authuser=1&prompt=consent","requestId":"074c3096-fbd2-4f4b-a1e5-ab12ae1bd6f2","service":"gemna-backend","timestamp":"2026-04-12T16:12:05.293Z","userId":"69723bdcff12672014dd2ada"}
{"durationMs":1077.01,"environment":"development","ip":"::1","level":"http","message":"HTTP request completed","method":"GET","path":"/auth/google/callback?state=3f03c335f319bace163d8d034c954dd0796e620776ea4c71&iss=https%3A%2F%2Faccounts.google.com&code=4%2F0Aci98E-IYrNbPTDBEkEXWFTZwnrwjWh22LKG4Ox7fc30Ib1H08hgvTonSoJ0bRjTU3Vzkg&scope=email+profile+https%3A%2F%2Fwww.googleapis.com%2Fauth%2Fuserinfo.profile+https%3A%2F%2Fwww.googleapis.com%2Fauth%2Fuserinfo.email+openid&authuser=1&prompt=consent","requestId":"074c3096-fbd2-4f4b-a1e5-ab12ae1bd6f2","service":"gemna-backend","statusCode":302,"timestamp":"2026-04-12T16:12:05.301Z"}
{"durationMs":4.35,"environment":"development","ip":"::1","level":"http","message":"HTTP request completed","method":"OPTIONS","path":"/student/account/access","requestId":"962944f5-d5ed-4a53-9798-fafe59029221","service":"gemna-backend","statusCode":204,"timestamp":"2026-04-12T16:12:07.814Z"}
{"durationMs":51.05,"environment":"development","ip":"::1","level":"http","message":"HTTP request completed","method":"GET","path":"/student/account/access","requestId":"1d2ce20d-fa79-4547-9460-5f7add245b25","service":"gemna-backend","statusCode":304,"timestamp":"2026-04-12T16:12:07.873Z"}
{"durationMs":3.02,"environment":"development","ip":"::1","level":"http","message":"HTTP request completed","method":"OPTIONS","path":"/api/v1/students/connection","requestId":"2e14f65c-06f5-4776-ba75-62d4cde56b73","service":"gemna-backend","statusCode":204,"timestamp":"2026-04-12T16:12:15.446Z"}
{"durationMs":1.66,"environment":"development","ip":"::1","level":"http","message":"HTTP request completed","method":"OPTIONS","path":"/api/v1/students","requestId":"fe5265a5-1613-4b1e-a040-7a5c20579573","service":"gemna-backend","statusCode":204,"timestamp":"2026-04-12T16:12:15.472Z"}
{"durationMs":179.79,"environment":"development","ip":"::1","level":"warn","message":"HTTP request completed","method":"GET","path":"/api/v1/students","requestId":"716bdfb3-45e5-460f-bf3d-f4efaa66c2f3","service":"gemna-backend","statusCode":401,"timestamp":"2026-04-12T16:12:15.660Z"}
{"durationMs":218.56,"environment":"development","ip":"::1","level":"http","message":"HTTP request completed","method":"GET","path":"/api/v1/students/connection","requestId":"12ddff73-272d-4d30-aa3a-52f272bf9c6c","service":"gemna-backend","statusCode":304,"timestamp":"2026-04-12T16:12:15.672Z"}
{"environment":"development","level":"info","message":"OpenTelemetry is disabled by configuration","service":"gemna-backend","timestamp":"2026-04-12T16:30:20.517Z"}
{"environment":"development","level":"info","message":"Connecting to MongoDB","service":"gemna-backend","timestamp":"2026-04-12T16:30:20.521Z"}
{"environment":"development","host":"localhost","level":"info","message":"Connected to MongoDB","name":"GEMNA","service":"gemna-backend","timestamp":"2026-04-12T16:30:20.726Z"}
{"backendUrl":"http://localhost:3000","environment":"development","level":"info","message":"Server is listening","port":3000,"service":"gemna-backend","timestamp":"2026-04-12T16:30:26.102Z"}
{"environment":"development","level":"info","message":"Socket disconnected","reason":"client namespace disconnect","service":"gemna-backend","socketId":"5I4LyAxUUCS6IrqNAAAB","timestamp":"2026-04-12T16:30:44.330Z","userId":"69723b24ff12672014dd2ace"}
{"environment":"development","level":"info","message":"OpenTelemetry is disabled by configuration","service":"gemna-backend","timestamp":"2026-04-12T16:33:23.261Z"}
{"environment":"development","level":"info","message":"Connecting to MongoDB","service":"gemna-backend","timestamp":"2026-04-12T16:33:23.266Z"}
{"environment":"development","host":"localhost","level":"info","message":"Connected to MongoDB","name":"GEMNA","service":"gemna-backend","timestamp":"2026-04-12T16:33:23.482Z"}
{"backendUrl":"http://localhost:3000","environment":"development","level":"info","message":"Server is listening","port":3000,"service":"gemna-backend","timestamp":"2026-04-12T16:33:30.094Z"}
{"environment":"development","level":"info","message":"OpenTelemetry is disabled by configuration","service":"gemna-backend","timestamp":"2026-04-12T16:38:58.070Z"}
{"environment":"development","level":"info","message":"Connecting to MongoDB","service":"gemna-backend","timestamp":"2026-04-12T16:38:58.076Z"}
{"environment":"development","host":"localhost","level":"info","message":"Connected to MongoDB","name":"GEMNA","service":"gemna-backend","timestamp":"2026-04-12T16:38:58.313Z"}
{"backendUrl":"http://localhost:3000","environment":"development","level":"info","message":"Server is listening","port":3000,"service":"gemna-backend","timestamp":"2026-04-12T16:39:06.258Z"}
{"durationMs":29.05,"environment":"development","ip":"::1","level":"http","message":"HTTP request completed","method":"OPTIONS","path":"/student/login","requestId":"cc605ddf-8252-4789-9097-bd373da9c0e9","service":"gemna-backend","statusCode":204,"timestamp":"2026-04-12T16:40:27.690Z"}
{"durationMs":853.24,"environment":"development","ip":"::1","level":"http","message":"HTTP request completed","method":"POST","path":"/student/login","requestId":"2a7a01f8-e10f-4eb7-9151-bf7855483fb0","service":"gemna-backend","statusCode":202,"timestamp":"2026-04-12T16:40:28.570Z"}
{"environment":"development","level":"info","message":"Socket disconnected","reason":"client namespace disconnect","service":"gemna-backend","socketId":"sglV0wHqNm3bs4H9AAAB","timestamp":"2026-04-12T16:40:50.543Z","userId":"69723b24ff12672014dd2ace"}
{"durationMs":26.46,"environment":"development","ip":"::1","level":"http","message":"HTTP request completed","method":"OPTIONS","path":"/student/login","requestId":"2daffcee-7c4e-4525-8264-54a0a3624f4a","service":"gemna-backend","statusCode":204,"timestamp":"2026-04-12T16:41:04.515Z"}
{"durationMs":1604.91,"environment":"development","ip":"::1","level":"http","message":"HTTP request completed","method":"POST","path":"/student/login","requestId":"bf347727-d2ab-4f59-aa16-8e3fdf379f4f","service":"gemna-backend","statusCode":202,"timestamp":"2026-04-12T16:41:06.177Z"}
{"durationMs":47.17,"environment":"development","ip":"::1","level":"http","message":"HTTP request completed","method":"OPTIONS","path":"/student/account/access","requestId":"01b3e8f6-9ada-4c66-b4ee-9410e5603f83","service":"gemna-backend","statusCode":204,"timestamp":"2026-04-12T16:45:25.275Z"}
{"durationMs":2196.3,"environment":"development","ip":"::1","level":"http","message":"HTTP request completed","method":"GET","path":"/student/account/access","requestId":"9ab5972b-153c-4a4e-a44b-6b1052773ac2","service":"gemna-backend","statusCode":200,"timestamp":"2026-04-12T16:45:27.587Z"}
{"durationMs":3.89,"environment":"development","ip":"::1","level":"http","message":"HTTP request completed","method":"OPTIONS","path":"/api/v1/students/connection","requestId":"0c4bb771-c768-4e92-981c-28f442cb57ed","service":"gemna-backend","statusCode":204,"timestamp":"2026-04-12T16:45:29.645Z"}
{"durationMs":2.81,"environment":"development","ip":"::1","level":"http","message":"HTTP request completed","method":"OPTIONS","path":"/api/v1/students","requestId":"02d68b93-005c-4dd3-9f42-fa4f74543734","service":"gemna-backend","statusCode":204,"timestamp":"2026-04-12T16:45:29.697Z"}
{"durationMs":243.19,"environment":"development","ip":"::1","level":"http","message":"HTTP request completed","method":"GET","path":"/api/v1/students","requestId":"4b8c0bc0-e0ca-4578-aa5c-a3f733df263d","service":"gemna-backend","statusCode":200,"timestamp":"2026-04-12T16:45:29.975Z"}
{"durationMs":321.92,"environment":"development","ip":"::1","level":"http","message":"HTTP request completed","method":"GET","path":"/api/v1/students/connection","requestId":"8728f144-683b-4a5e-8fae-6c104ab64401","service":"gemna-backend","statusCode":200,"timestamp":"2026-04-12T16:45:30.032Z"}
{"durationMs":5.61,"environment":"development","ip":"::1","level":"http","message":"HTTP request completed","method":"OPTIONS","path":"/api/v1/students/connection/69723b24ff12672014dd2ace/69723b24ff12672014dd2ace","requestId":"82b50bac-a2c1-4c5e-921b-43089c4a2e5e","service":"gemna-backend","statusCode":204,"timestamp":"2026-04-12T16:45:33.809Z"}
{"durationMs":212.19,"environment":"development","ip":"::1","level":"http","message":"HTTP request completed","method":"GET","path":"/api/v1/students/connection/69723b24ff12672014dd2ace/69723b24ff12672014dd2ace","requestId":"f1d29bc3-2658-4add-b387-93dca5b3e0f7","service":"gemna-backend","statusCode":200,"timestamp":"2026-04-12T16:45:34.040Z"}
{"durationMs":5.89,"environment":"development","ip":"::1","level":"http","message":"HTTP request completed","method":"OPTIONS","path":"/api/v1/students/connection/69723b24ff12672014dd2ace/69ae503a578d309e1c76419a","requestId":"0f055ce0-44fc-4e76-8867-0688b842f1bd","service":"gemna-backend","statusCode":204,"timestamp":"2026-04-12T16:45:53.725Z"}
{"durationMs":301.09,"environment":"development","ip":"::1","level":"http","message":"HTTP request completed","method":"GET","path":"/api/v1/students/connection/69723b24ff12672014dd2ace/69ae503a578d309e1c76419a","requestId":"0acc90bf-6d34-4a22-99c5-9a2227638856","service":"gemna-backend","statusCode":200,"timestamp":"2026-04-12T16:45:54.045Z"}
{"durationMs":30,"environment":"development","ip":"::1","level":"http","message":"HTTP request completed","method":"OPTIONS","path":"/api/v1/students/connection/69723b24ff12672014dd2ace/69723b24ff12672014dd2ace","requestId":"2c122238-a989-4945-889d-1b7cf5989ef1","service":"gemna-backend","statusCode":204,"timestamp":"2026-04-12T16:46:23.251Z"}
{"durationMs":686.21,"environment":"development","ip":"::1","level":"http","message":"HTTP request completed","method":"GET","path":"/api/v1/students/connection/69723b24ff12672014dd2ace/69723b24ff12672014dd2ace","requestId":"21ca1765-8302-4c09-820e-28bc53480492","service":"gemna-backend","statusCode":200,"timestamp":"2026-04-12T16:46:24.265Z"}
{"durationMs":5.3,"environment":"development","ip":"::1","level":"http","message":"HTTP request completed","method":"OPTIONS","path":"/api/attendance","requestId":"e00e61ca-df83-4530-93ac-9878c7290267","service":"gemna-backend","statusCode":204,"timestamp":"2026-04-12T16:46:27.907Z"}
{"durationMs":302.37,"environment":"development","ip":"::1","level":"http","message":"HTTP request completed","method":"POST","path":"/api/attendance","requestId":"f4bad0e3-687d-4d76-8997-0fede555a874","service":"gemna-backend","statusCode":200,"timestamp":"2026-04-12T16:46:28.216Z"}
{"durationMs":2.81,"environment":"development","ip":"::1","level":"http","message":"HTTP request completed","method":"OPTIONS","path":"/api/subject/get/linked/subject","requestId":"4eec863b-03e5-441d-8221-443e1c80f515","service":"gemna-backend","statusCode":204,"timestamp":"2026-04-12T16:46:29.542Z"}
{"durationMs":265.85,"environment":"development","ip":"::1","level":"http","message":"HTTP request completed","method":"POST","path":"/api/subject/get/linked/subject","requestId":"cd06653f-f015-47d6-a7fe-aa6d3da79a55","service":"gemna-backend","statusCode":200,"timestamp":"2026-04-12T16:46:29.828Z"}
{"durationMs":3.41,"environment":"development","ip":"::1","level":"http","message":"HTTP request completed","method":"OPTIONS","path":"/api/subject/post/timetable/697885c9e3c6dd726f8909ff","requestId":"fc00873e-2f16-4c62-885b-344ff69245c1","service":"gemna-backend","statusCode":204,"timestamp":"2026-04-12T16:46:39.472Z"}
{"durationMs":327.72,"environment":"development","ip":"::1","level":"http","message":"HTTP request completed","method":"POST","path":"/api/subject/post/timetable/697885c9e3c6dd726f8909ff","requestId":"d0e35897-a408-4ab1-b07e-4719f5bbd2df","service":"gemna-backend","statusCode":201,"timestamp":"2026-04-12T16:46:39.805Z"}
{"durationMs":5.36,"environment":"development","ip":"::1","level":"http","message":"HTTP request completed","method":"OPTIONS","path":"/api/subject/get/linked/subject","requestId":"4002c4d2-fbb4-4a6d-a2ee-d93d35767a37","service":"gemna-backend","statusCode":204,"timestamp":"2026-04-12T16:46:39.832Z"}
{"durationMs":73.82,"environment":"development","ip":"::1","level":"http","message":"HTTP request completed","method":"POST","path":"/api/subject/get/linked/subject","requestId":"e5bd4b45-8b05-4357-9e51-42b0539eb36d","service":"gemna-backend","statusCode":200,"timestamp":"2026-04-12T16:46:39.919Z"}
{"durationMs":2.78,"environment":"development","ip":"::1","level":"http","message":"HTTP request completed","method":"OPTIONS","path":"/api/subject/get","requestId":"48abd2f9-1ec5-4ba2-8154-81887c3cd9f4","service":"gemna-backend","statusCode":204,"timestamp":"2026-04-12T16:46:50.972Z"}
{"durationMs":244.54,"environment":"development","ip":"::1","level":"http","message":"HTTP request completed","method":"POST","path":"/api/subject/get","requestId":"8871f75a-5d70-4202-a647-e370a6ad34aa","service":"gemna-backend","statusCode":200,"timestamp":"2026-04-12T16:46:51.221Z"}
{"durationMs":28.07,"environment":"development","ip":"::1","level":"http","message":"HTTP request completed","method":"OPTIONS","path":"/api/subject/link/subject","requestId":"61f7b527-7b48-4b39-bda6-14234b8e4214","service":"gemna-backend","statusCode":204,"timestamp":"2026-04-12T16:47:18.863Z"}
{"durationMs":864.84,"environment":"development","ip":"::1","level":"http","message":"HTTP request completed","method":"POST","path":"/api/subject/link/subject","requestId":"5a083f6f-4ca5-4e46-934b-227704cb5aa9","service":"gemna-backend","statusCode":201,"timestamp":"2026-04-12T16:47:19.758Z"}
{"durationMs":1.76,"environment":"development","ip":"::1","level":"http","message":"HTTP request completed","method":"OPTIONS","path":"/api/subject/get/linked/subject","requestId":"992a5ad1-84fa-4c38-bb11-3a6c839c0480","service":"gemna-backend","statusCode":204,"timestamp":"2026-04-12T16:47:29.626Z"}
{"durationMs":123.14,"environment":"development","ip":"::1","level":"http","message":"HTTP request completed","method":"POST","path":"/api/subject/get/linked/subject","requestId":"1a165092-4008-4321-9049-072cf5a6df8f","service":"gemna-backend","statusCode":200,"timestamp":"2026-04-12T16:47:29.759Z"}
{"durationMs":6.77,"environment":"development","ip":"::1","level":"http","message":"HTTP request completed","method":"OPTIONS","path":"/api/subject/post/timetable/697885c9e3c6dd726f8909ff","requestId":"d15435fc-177b-4d93-a813-03d67e48c600","service":"gemna-backend","statusCode":204,"timestamp":"2026-04-12T16:48:05.263Z"}
{"durationMs":254.67,"environment":"development","ip":"::1","level":"http","message":"HTTP request completed","method":"POST","path":"/api/subject/post/timetable/697885c9e3c6dd726f8909ff","requestId":"630296b1-a674-4c03-a9a7-720198d56d27","service":"gemna-backend","statusCode":201,"timestamp":"2026-04-12T16:48:05.527Z"}
{"durationMs":2.02,"environment":"development","ip":"::1","level":"http","message":"HTTP request completed","method":"OPTIONS","path":"/api/subject/get/linked/subject","requestId":"4f09824c-7506-4098-b363-542220bedb4e","service":"gemna-backend","statusCode":204,"timestamp":"2026-04-12T16:48:05.544Z"}
{"durationMs":96.35,"environment":"development","ip":"::1","level":"http","message":"HTTP request completed","method":"POST","path":"/api/subject/get/linked/subject","requestId":"b9158b89-6bb3-4012-96c6-5f96c01ef2ea","service":"gemna-backend","statusCode":200,"timestamp":"2026-04-12T16:48:05.658Z"}
{"durationMs":22.43,"environment":"development","ip":"::1","level":"http","message":"HTTP request completed","method":"OPTIONS","path":"/student/upload/profile/image","requestId":"daf886c5-59aa-4ae6-80e7-fd17b966b52d","service":"gemna-backend","statusCode":204,"timestamp":"2026-04-12T16:48:37.705Z"}
{"environment":"development","level":"warn","message":"Client disconnected during profile image upload","service":"gemna-backend","timestamp":"2026-04-12T16:48:37.973Z"}
{"environment":"development","filePath":"C:\\Users\\saura\\AppData\\Local\\Temp\\upload\\821661.png","ip":"::1","level":"info","message":"Image saved to temporary upload storage","method":"POST","path":"/student/upload/profile/image","requestId":"7cb51b9c-d905-43ca-a847-5e530fe81ed1","service":"gemna-backend","size":17931,"timestamp":"2026-04-12T16:48:42.069Z"}
{"durationMs":7958.73,"environment":"development","ip":"::1","level":"http","message":"HTTP request completed","method":"POST","path":"/student/upload/profile/image","requestId":"7cb51b9c-d905-43ca-a847-5e530fe81ed1","service":"gemna-backend","statusCode":201,"timestamp":"2026-04-12T16:48:45.687Z"}
{"durationMs":3.08,"environment":"development","ip":"::1","level":"http","message":"HTTP request completed","method":"OPTIONS","path":"/api/v1/students/connection/69723b24ff12672014dd2ace/69723b24ff12672014dd2ace","requestId":"5a3928c6-887a-44bb-8002-ad8072f37e55","service":"gemna-backend","statusCode":204,"timestamp":"2026-04-12T16:48:55.764Z"}
{"durationMs":153.5,"environment":"development","ip":"::1","level":"http","message":"HTTP request completed","method":"GET","path":"/api/v1/students/connection/69723b24ff12672014dd2ace/69723b24ff12672014dd2ace","requestId":"7652e5d5-87ed-425a-ba6a-a2fa95a88e47","service":"gemna-backend","statusCode":304,"timestamp":"2026-04-12T16:48:55.929Z"}
{"durationMs":29.93,"environment":"development","ip":"::1","level":"http","message":"HTTP request completed","method":"OPTIONS","path":"/student/upload/profile/image","requestId":"38cf5e40-014d-4dea-b301-298741ed0b85","service":"gemna-backend","statusCode":204,"timestamp":"2026-04-12T16:49:47.861Z"}
{"environment":"development","level":"warn","message":"Client disconnected during profile image upload","service":"gemna-backend","timestamp":"2026-04-12T16:49:48.190Z"}
{"environment":"development","filePath":"C:\\Users\\saura\\AppData\\Local\\Temp\\upload\\362288.png","ip":"::1","level":"info","message":"Image saved to temporary upload storage","method":"POST","path":"/student/upload/profile/image","requestId":"ee7fcbd9-41c7-4c75-9c0b-00e33fda0842","service":"gemna-backend","size":819152,"timestamp":"2026-04-12T16:49:48.270Z"}
{"durationMs":6172.56,"environment":"development","ip":"::1","level":"http","message":"HTTP request completed","method":"POST","path":"/student/upload/profile/image","requestId":"ee7fcbd9-41c7-4c75-9c0b-00e33fda0842","service":"gemna-backend","statusCode":201,"timestamp":"2026-04-12T16:49:54.074Z"}
{"durationMs":7.52,"environment":"development","ip":"::1","level":"http","message":"HTTP request completed","method":"OPTIONS","path":"/api/v1/students/connection/69723b24ff12672014dd2ace/69723b24ff12672014dd2ace","requestId":"dbbdde7a-d9d9-4c3e-a5cd-f7c8854548b9","service":"gemna-backend","statusCode":204,"timestamp":"2026-04-12T16:50:02.527Z"}
{"durationMs":155.41,"environment":"development","ip":"::1","level":"http","message":"HTTP request completed","method":"GET","path":"/api/v1/students/connection/69723b24ff12672014dd2ace/69723b24ff12672014dd2ace","requestId":"5d01068e-f22c-4032-895c-66c5ec0bb6aa","service":"gemna-backend","statusCode":304,"timestamp":"2026-04-12T16:50:02.688Z"}
{"durationMs":10.13,"environment":"development","ip":"::1","level":"http","message":"HTTP request completed","method":"OPTIONS","path":"/api/v1/students/connection/69723b24ff12672014dd2ace/69ae503a578d309e1c76419a","requestId":"46685770-5c24-439e-9dbe-5556d609461d","service":"gemna-backend","statusCode":204,"timestamp":"2026-04-12T16:50:30.336Z"}
{"durationMs":322.39,"environment":"development","ip":"::1","level":"http","message":"HTTP request completed","method":"GET","path":"/api/v1/students/connection/69723b24ff12672014dd2ace/69ae503a578d309e1c76419a","requestId":"1378e992-3d39-46d9-b217-0f23538ff7f1","service":"gemna-backend","statusCode":200,"timestamp":"2026-04-12T16:50:30.669Z"}
{"durationMs":76.76,"environment":"development","ip":"::1","level":"http","message":"HTTP request completed","method":"OPTIONS","path":"/api/v1/students/connection/69723b24ff12672014dd2ace/69723b24ff12672014dd2ace","requestId":"13e0281e-0af9-47c8-b691-8ace425ca9e1","service":"gemna-backend","statusCode":204,"timestamp":"2026-04-12T16:51:20.175Z"}
{"durationMs":9.98,"environment":"development","ip":"::1","level":"http","message":"HTTP request completed","method":"OPTIONS","path":"/api/v1/students/connection/69723b24ff12672014dd2ace/69ae503a578d309e1c76419a","requestId":"7c760bc0-bf99-4835-9688-2b08ba808acd","service":"gemna-backend","statusCode":204,"timestamp":"2026-04-12T16:51:21.253Z"}
{"durationMs":2933.97,"environment":"development","ip":"::1","level":"http","message":"HTTP request completed","method":"GET","path":"/api/v1/students/connection/69723b24ff12672014dd2ace/69723b24ff12672014dd2ace","requestId":"0255cfd0-52c2-41ba-9b59-b5eb4ce9016a","service":"gemna-backend","statusCode":304,"timestamp":"2026-04-12T16:51:23.346Z"}
{"durationMs":2276.62,"environment":"development","ip":"::1","level":"http","message":"HTTP request completed","method":"GET","path":"/api/v1/students/connection/69723b24ff12672014dd2ace/69ae503a578d309e1c76419a","requestId":"eb0eefa6-5481-4ab7-b7f2-d92207524008","service":"gemna-backend","statusCode":304,"timestamp":"2026-04-12T16:51:23.558Z"}
{"durationMs":22.8,"environment":"development","ip":"::1","level":"http","message":"HTTP request completed","method":"OPTIONS","path":"/api/attendance","requestId":"099353d8-8fa7-4ffc-8cf3-3c847feb1f7f","service":"gemna-backend","statusCode":204,"timestamp":"2026-04-12T16:52:24.305Z"}
{"durationMs":565.43,"environment":"development","ip":"::1","level":"http","message":"HTTP request completed","method":"POST","path":"/api/attendance","requestId":"34fd1225-bd62-4460-b885-52b9b7042eea","service":"gemna-backend","statusCode":200,"timestamp":"2026-04-12T16:52:24.902Z"}
{"durationMs":1.92,"environment":"development","ip":"::1","level":"http","message":"HTTP request completed","method":"OPTIONS","path":"/api/subject/get/linked/subject","requestId":"461a9024-7a51-4900-8750-b22db9bddc88","service":"gemna-backend","statusCode":204,"timestamp":"2026-04-12T16:52:26.077Z"}
{"durationMs":540.42,"environment":"development","ip":"::1","level":"http","message":"HTTP request completed","method":"POST","path":"/api/subject/get/linked/subject","requestId":"faf48ab8-7c6d-4a85-8414-5463f16fce1a","service":"gemna-backend","statusCode":200,"timestamp":"2026-04-12T16:52:26.624Z"}
{"durationMs":12.25,"environment":"development","ip":"::1","level":"http","message":"HTTP request completed","method":"OPTIONS","path":"/api/subject/get","requestId":"95102d17-ba63-48fc-8690-59b444487ff3","service":"gemna-backend","statusCode":204,"timestamp":"2026-04-12T16:52:57.538Z"}
{"durationMs":433.15,"environment":"development","ip":"::1","level":"http","message":"HTTP request completed","method":"POST","path":"/api/subject/get","requestId":"a9dff27c-5156-4892-95f5-6392116528b4","service":"gemna-backend","statusCode":200,"timestamp":"2026-04-12T16:52:57.981Z"}
{"durationMs":53.12,"environment":"development","ip":"::1","level":"http","message":"HTTP request completed","method":"OPTIONS","path":"/api/v1/students/connection/69723b24ff12672014dd2ace/69723b24ff12672014dd2ace","requestId":"eacff3a9-9d0f-43ff-8aae-ebf50e2e258c","service":"gemna-backend","statusCode":204,"timestamp":"2026-04-12T16:55:52.156Z"}
{"durationMs":663.73,"environment":"development","ip":"::1","level":"http","message":"HTTP request completed","method":"GET","path":"/api/v1/students/connection/69723b24ff12672014dd2ace/69723b24ff12672014dd2ace","requestId":"e0f80146-78ad-4dd1-8874-68ecec11c97f","service":"gemna-backend","statusCode":304,"timestamp":"2026-04-12T16:55:52.871Z"}
{"durationMs":4.71,"environment":"development","ip":"::1","level":"http","message":"HTTP request completed","method":"OPTIONS","path":"/api/v1/students/connection/69723b24ff12672014dd2ace/69ae503a578d309e1c76419a","requestId":"4c918b9e-c748-4221-86e2-77166c94f950","service":"gemna-backend","statusCode":204,"timestamp":"2026-04-12T16:56:06.865Z"}
{"durationMs":254.15,"environment":"development","ip":"::1","level":"http","message":"HTTP request completed","method":"GET","path":"/api/v1/students/connection/69723b24ff12672014dd2ace/69ae503a578d309e1c76419a","requestId":"904336b5-41e7-487a-8bbb-7e8aa9a0080e","service":"gemna-backend","statusCode":304,"timestamp":"2026-04-12T16:56:07.128Z"}
{"environment":"development","level":"info","message":"OpenTelemetry is disabled by configuration","service":"gemna-backend","timestamp":"2026-04-12T17:00:54.733Z"}
{"environment":"development","level":"info","message":"Connecting to MongoDB","service":"gemna-backend","timestamp":"2026-04-12T17:00:54.739Z"}
{"environment":"development","host":"localhost","level":"info","message":"Connected to MongoDB","name":"GEMNA","service":"gemna-backend","timestamp":"2026-04-12T17:00:55.053Z"}
{"environment":"development","level":"info","message":"OpenTelemetry is disabled by configuration","service":"gemna-backend","timestamp":"2026-04-12T17:09:13.534Z"}
{"environment":"development","level":"info","message":"Connecting to MongoDB","service":"gemna-backend","timestamp":"2026-04-12T17:09:13.538Z"}
{"environment":"development","host":"localhost","level":"info","message":"Connected to MongoDB","name":"GEMNA","service":"gemna-backend","timestamp":"2026-04-12T17:09:13.792Z"}
{"backendUrl":"http://localhost:3000","environment":"development","level":"info","message":"Server is listening","port":3000,"service":"gemna-backend","timestamp":"2026-04-12T17:09:21.494Z"}
{"environment":"development","level":"info","message":"Socket disconnected","reason":"client namespace disconnect","service":"gemna-backend","socketId":"6qtmNQUdJehN9CpnAAAB","timestamp":"2026-04-12T17:09:49.569Z","userId":"69723b24ff12672014dd2ace"}
{"durationMs":22.83,"environment":"development","ip":"::1","level":"http","message":"HTTP request completed","method":"OPTIONS","path":"/student/login","requestId":"4d0ab0f5-015c-4b63-a0ee-cce861498ff2","service":"gemna-backend","statusCode":204,"timestamp":"2026-04-12T17:10:10.112Z"}
{"durationMs":492.03,"environment":"development","ip":"::1","level":"http","message":"HTTP request completed","method":"POST","path":"/student/login","requestId":"c478dfcf-acd8-4e2f-9124-0043812210f1","service":"gemna-backend","statusCode":202,"timestamp":"2026-04-12T17:10:10.617Z"}
{"durationMs":3.52,"environment":"development","ip":"::1","level":"http","message":"HTTP request completed","method":"OPTIONS","path":"/student/account/access","requestId":"b563b75c-6d82-438a-8190-ed9b0c6dc960","service":"gemna-backend","statusCode":204,"timestamp":"2026-04-12T17:10:14.841Z"}
{"durationMs":89.97,"environment":"development","ip":"::1","level":"http","message":"HTTP request completed","method":"GET","path":"/student/account/access","requestId":"56b00a7f-8ef4-4ccf-a7de-7918bbc4e7b5","service":"gemna-backend","statusCode":304,"timestamp":"2026-04-12T17:10:14.943Z"}
{"durationMs":1.75,"environment":"development","ip":"::1","level":"http","message":"HTTP request completed","method":"OPTIONS","path":"/api/v1/students/connection","requestId":"0adb64e3-f540-496c-a123-0d22b1ebdcbc","service":"gemna-backend","statusCode":204,"timestamp":"2026-04-12T17:10:16.327Z"}
{"durationMs":4.21,"environment":"development","ip":"::1","level":"http","message":"HTTP request completed","method":"OPTIONS","path":"/api/v1/students","requestId":"a97b26a6-9eed-48ac-b991-e89fe1b7c720","service":"gemna-backend","statusCode":204,"timestamp":"2026-04-12T17:10:16.342Z"}
{"durationMs":140.35,"environment":"development","ip":"::1","level":"http","message":"HTTP request completed","method":"GET","path":"/api/v1/students","requestId":"e5712635-f6bb-455a-b0e6-77f1d205d722","service":"gemna-backend","statusCode":200,"timestamp":"2026-04-12T17:10:16.490Z"}
{"durationMs":304.38,"environment":"development","ip":"::1","level":"http","message":"HTTP request completed","method":"GET","path":"/api/v1/students/connection","requestId":"4cc6a9a0-3e3e-43d6-adaf-641eea3a838f","service":"gemna-backend","statusCode":200,"timestamp":"2026-04-12T17:10:16.686Z"}
{"durationMs":4.31,"environment":"development","ip":"::1","level":"http","message":"HTTP request completed","method":"OPTIONS","path":"/api/v1/students/connection/69723b24ff12672014dd2ace/69723b24ff12672014dd2ace","requestId":"1a42b492-f193-46bc-82fa-56350ad6b469","service":"gemna-backend","statusCode":204,"timestamp":"2026-04-12T17:10:19.479Z"}
{"durationMs":92.6,"environment":"development","ip":"::1","level":"http","message":"HTTP request completed","method":"GET","path":"/api/v1/students/connection/69723b24ff12672014dd2ace/69723b24ff12672014dd2ace","requestId":"24be8bab-6d19-46bb-b249-13cbf75415f3","service":"gemna-backend","statusCode":304,"timestamp":"2026-04-12T17:10:19.577Z"}
{"durationMs":2.02,"environment":"development","ip":"::1","level":"http","message":"HTTP request completed","method":"OPTIONS","path":"/api/v1/students/connection/69723b24ff12672014dd2ace/69ae503a578d309e1c76419a","requestId":"51b1d0be-a41f-43e8-b3ef-8d4a5b420846","service":"gemna-backend","statusCode":204,"timestamp":"2026-04-12T17:10:24.550Z"}
{"durationMs":859.14,"environment":"development","ip":"::1","level":"http","message":"HTTP request completed","method":"GET","path":"/api/v1/students/connection/69723b24ff12672014dd2ace/69ae503a578d309e1c76419a","requestId":"8846e0d8-5bff-4f65-acd9-59cf56bbb35a","service":"gemna-backend","statusCode":304,"timestamp":"2026-04-12T17:10:25.445Z"}
{"durationMs":13.05,"environment":"development","ip":"::1","level":"http","message":"HTTP request completed","method":"OPTIONS","path":"/api/v1/students/connection/69723b24ff12672014dd2ace/69723b24ff12672014dd2ace","requestId":"f62197ba-3270-46ae-80da-c4709f1ca95d","service":"gemna-backend","statusCode":204,"timestamp":"2026-04-12T17:10:26.644Z"}
{"durationMs":151.93,"environment":"development","ip":"::1","level":"http","message":"HTTP request completed","method":"GET","path":"/api/v1/students/connection/69723b24ff12672014dd2ace/69723b24ff12672014dd2ace","requestId":"e464c10b-5ed9-40bb-b765-d6c6776f4cae","service":"gemna-backend","statusCode":304,"timestamp":"2026-04-12T17:10:26.805Z"}
{"environment":"development","level":"info","message":"Socket disconnected","reason":"client namespace disconnect","service":"gemna-backend","socketId":"_YkGpIPi3yFGVaewAAAE","timestamp":"2026-04-12T17:10:31.273Z","userId":"69723b24ff12672014dd2ace"}
{"durationMs":33.83,"environment":"development","ip":"::1","level":"http","message":"HTTP request completed","method":"OPTIONS","path":"/student/login","requestId":"68a25ec5-d2fa-46fa-a31a-4433721adcb5","service":"gemna-backend","statusCode":204,"timestamp":"2026-04-12T17:11:09.583Z"}
{"durationMs":719.21,"environment":"development","ip":"::1","level":"http","message":"HTTP request completed","method":"POST","path":"/student/login","requestId":"436b82c4-7bd6-4eca-902c-dfefc5cb7e3b","service":"gemna-backend","statusCode":202,"timestamp":"2026-04-12T17:11:10.323Z"}
{"durationMs":2.43,"environment":"development","ip":"::1","level":"http","message":"HTTP request completed","method":"OPTIONS","path":"/student/account/access","requestId":"ff0d26f8-108c-467c-ac72-5cca63261d27","service":"gemna-backend","statusCode":204,"timestamp":"2026-04-12T17:11:15.150Z"}
{"durationMs":89.95,"environment":"development","ip":"::1","level":"http","message":"HTTP request completed","method":"GET","path":"/student/account/access","requestId":"25b24633-bfc1-4269-8aae-d963aa550354","service":"gemna-backend","statusCode":304,"timestamp":"2026-04-12T17:11:15.251Z"}
{"durationMs":3.05,"environment":"development","ip":"::1","level":"http","message":"HTTP request completed","method":"OPTIONS","path":"/api/v1/students/connection","requestId":"8a96dd50-a712-4959-b44d-b07973acdb30","service":"gemna-backend","statusCode":204,"timestamp":"2026-04-12T17:11:19.111Z"}
{"durationMs":1.7,"environment":"development","ip":"::1","level":"http","message":"HTTP request completed","method":"OPTIONS","path":"/api/v1/students","requestId":"85c1aeeb-2b0f-41ae-b634-72768b2a34b2","service":"gemna-backend","statusCode":204,"timestamp":"2026-04-12T17:11:19.388Z"}
{"durationMs":94.16,"environment":"development","ip":"::1","level":"http","message":"HTTP request completed","method":"GET","path":"/api/v1/students","requestId":"4f07187f-b03d-44ed-ab84-c20398164850","service":"gemna-backend","statusCode":304,"timestamp":"2026-04-12T17:11:19.509Z"}
{"durationMs":380.2,"environment":"development","ip":"::1","level":"http","message":"HTTP request completed","method":"GET","path":"/api/v1/students/connection","requestId":"ae6fa9b1-adb1-41b8-871b-8b0f90d1df96","service":"gemna-backend","statusCode":304,"timestamp":"2026-04-12T17:11:19.531Z"}
{"durationMs":2.33,"environment":"development","ip":"::1","level":"http","message":"HTTP request completed","method":"OPTIONS","path":"/api/v1/students/connection/69723b24ff12672014dd2ace/69723b24ff12672014dd2ace","requestId":"3814c200-41a3-444e-b05a-a7101a90de47","service":"gemna-backend","statusCode":204,"timestamp":"2026-04-12T17:11:21.817Z"}
{"durationMs":131.98,"environment":"development","ip":"::1","level":"http","message":"HTTP request completed","method":"GET","path":"/api/v1/students/connection/69723b24ff12672014dd2ace/69723b24ff12672014dd2ace","requestId":"39fb2b77-0261-486a-a719-d20f948d538f","service":"gemna-backend","statusCode":304,"timestamp":"2026-04-12T17:11:21.960Z"}
{"environment":"development","level":"info","message":"Socket disconnected","reason":"client namespace disconnect","service":"gemna-backend","socketId":"t7ISQBQdc1AWsCONAAAH","timestamp":"2026-04-12T17:11:28.738Z","userId":"69723b24ff12672014dd2ace"}
{"durationMs":181.74,"environment":"development","ip":"::1","level":"http","message":"HTTP request completed","method":"GET","path":"/auth/google","requestId":"cdfc443c-e0a1-49f1-829a-2376a3eaa604","service":"gemna-backend","statusCode":302,"timestamp":"2026-04-12T17:11:36.572Z"}
{"email":"saurabhsharma63679383@gmail.com","environment":"development","googleId":"118398473555326896652","ip":"::1","level":"info","message":"Google OAuth login successful","method":"GET","path":"/auth/google/callback?state=7d9d6d53d1e7b1a3d309dd6fb464ec06e4b121437f69044a&iss=https%3A%2F%2Faccounts.google.com&code=4%2F0Aci98E-LNIjgVzP2wYcY6lzwLosbn0PD5jN61yE9TPyePwFo035AUMsZFgKgz4cXvlXMsQ&scope=email+profile+https%3A%2F%2Fwww.googleapis.com%2Fauth%2Fuserinfo.profile+https%3A%2F%2Fwww.googleapis.com%2Fauth%2Fuserinfo.email+openid&authuser=1&prompt=consent","requestId":"681dc4d5-807d-4293-aa76-0671db849a2b","service":"gemna-backend","timestamp":"2026-04-12T17:11:47.171Z","userId":"69723bdcff12672014dd2ada"}
{"durationMs":1997.98,"environment":"development","ip":"::1","level":"http","message":"HTTP request completed","method":"GET","path":"/auth/google/callback?state=7d9d6d53d1e7b1a3d309dd6fb464ec06e4b121437f69044a&iss=https%3A%2F%2Faccounts.google.com&code=4%2F0Aci98E-LNIjgVzP2wYcY6lzwLosbn0PD5jN61yE9TPyePwFo035AUMsZFgKgz4cXvlXMsQ&scope=email+profile+https%3A%2F%2Fwww.googleapis.com%2Fauth%2Fuserinfo.profile+https%3A%2F%2Fwww.googleapis.com%2Fauth%2Fuserinfo.email+openid&authuser=1&prompt=consent","requestId":"681dc4d5-807d-4293-aa76-0671db849a2b","service":"gemna-backend","statusCode":302,"timestamp":"2026-04-12T17:11:47.182Z"}
{"durationMs":2.15,"environment":"development","ip":"::1","level":"http","message":"HTTP request completed","method":"OPTIONS","path":"/student/account/access","requestId":"84a17805-9b63-42be-a0c9-20a225f91994","service":"gemna-backend","statusCode":204,"timestamp":"2026-04-12T17:11:49.845Z"}
{"durationMs":43.3,"environment":"development","ip":"::1","level":"http","message":"HTTP request completed","method":"GET","path":"/student/account/access","requestId":"5da965f5-be92-4067-8971-7a5d8540d627","service":"gemna-backend","statusCode":304,"timestamp":"2026-04-12T17:11:49.895Z"}
{"durationMs":2.19,"environment":"development","ip":"::1","level":"http","message":"HTTP request completed","method":"OPTIONS","path":"/api/v1/students/connection","requestId":"33bb8bff-8156-4f98-a41f-b4e495f7b7d5","service":"gemna-backend","statusCode":204,"timestamp":"2026-04-12T17:11:58.022Z"}
{"durationMs":3.21,"environment":"development","ip":"::1","level":"http","message":"HTTP request completed","method":"OPTIONS","path":"/api/v1/students","requestId":"3b6b7464-6dc9-4cb1-912b-fbd70545ab7a","service":"gemna-backend","statusCode":204,"timestamp":"2026-04-12T17:11:58.030Z"}
{"durationMs":93.36,"environment":"development","ip":"::1","level":"http","message":"HTTP request completed","method":"GET","path":"/api/v1/students","requestId":"b13c1289-0f3f-467a-90b4-69eed2b5170d","service":"gemna-backend","statusCode":200,"timestamp":"2026-04-12T17:11:58.144Z"}
{"durationMs":189.99,"environment":"development","ip":"::1","level":"http","message":"HTTP request completed","method":"GET","path":"/api/v1/students/connection","requestId":"24b35e62-8508-47ab-884f-5056d43c84af","service":"gemna-backend","statusCode":200,"timestamp":"2026-04-12T17:11:58.227Z"}
{"durationMs":24.69,"environment":"development","ip":"::1","level":"http","message":"HTTP request completed","method":"OPTIONS","path":"/api/v1/students/connection/69723b24ff12672014dd2ace/69723b24ff12672014dd2ace","requestId":"7a90c904-8004-4922-8434-be4d52600148","service":"gemna-backend","statusCode":204,"timestamp":"2026-04-12T17:12:58.589Z"}
{"durationMs":539.99,"environment":"development","ip":"::1","level":"http","message":"HTTP request completed","method":"GET","path":"/api/v1/students/connection/69723b24ff12672014dd2ace/69723b24ff12672014dd2ace","requestId":"f68f7be1-8595-4ddc-a4b5-cc8662539578","service":"gemna-backend","statusCode":304,"timestamp":"2026-04-12T17:12:59.153Z"}
{"environment":"development","level":"info","message":"Socket disconnected","reason":"transport close","service":"gemna-backend","socketId":"aedRKL3bRIQWFcMeAAAK","timestamp":"2026-04-12T17:13:08.720Z","userId":"69723b24ff12672014dd2ace"}
{"durationMs":2.67,"environment":"development","ip":"::1","level":"http","message":"HTTP request completed","method":"OPTIONS","path":"/student/account/access","requestId":"19e057be-8f06-401f-b758-4565172a47e2","service":"gemna-backend","statusCode":204,"timestamp":"2026-04-12T17:13:10.563Z"}
{"durationMs":1010.78,"environment":"development","ip":"::1","level":"http","message":"HTTP request completed","method":"GET","path":"/student/account/access","requestId":"86405803-9d42-42c5-8b53-3b72f488cff6","service":"gemna-backend","statusCode":304,"timestamp":"2026-04-12T17:13:11.612Z"}
{"durationMs":2.07,"environment":"development","ip":"::1","level":"http","message":"HTTP request completed","method":"OPTIONS","path":"/api/v1/students/connection/69723b24ff12672014dd2ace/69723b24ff12672014dd2ace","requestId":"003dc3fb-b198-4bbd-8f50-73f177ade2f2","service":"gemna-backend","statusCode":204,"timestamp":"2026-04-12T17:13:16.285Z"}
{"durationMs":124.29,"environment":"development","ip":"::1","level":"http","message":"HTTP request completed","method":"GET","path":"/api/v1/students/connection/69723b24ff12672014dd2ace/69723b24ff12672014dd2ace","requestId":"0c4d34c8-06d6-433d-a6aa-a91ec14ac2ff","service":"gemna-backend","statusCode":304,"timestamp":"2026-04-12T17:13:16.430Z"}
{"durationMs":1.66,"environment":"development","ip":"::1","level":"http","message":"HTTP request completed","method":"OPTIONS","path":"/api/v1/students/connection/69723b24ff12672014dd2ace/69ae503a578d309e1c76419a","requestId":"b95df371-09c7-4fb8-a9b6-664c0c07a126","service":"gemna-backend","statusCode":204,"timestamp":"2026-04-12T17:13:22.652Z"}
{"durationMs":272.36,"environment":"development","ip":"::1","level":"http","message":"HTTP request completed","method":"GET","path":"/api/v1/students/connection/69723b24ff12672014dd2ace/69ae503a578d309e1c76419a","requestId":"784447a4-a57a-4052-a331-bb4adb183dd8","service":"gemna-backend","statusCode":304,"timestamp":"2026-04-12T17:13:22.943Z"}
{"durationMs":34.69,"environment":"development","ip":"::1","level":"http","message":"HTTP request completed","method":"OPTIONS","path":"/api/v1/students/connection/69723b24ff12672014dd2ace/69723b24ff12672014dd2ace","requestId":"b4648d41-a4df-4c5c-b26c-bbce94da8ae5","service":"gemna-backend","statusCode":204,"timestamp":"2026-04-12T17:13:45.767Z"}
{"durationMs":561.77,"environment":"development","ip":"::1","level":"http","message":"HTTP request completed","method":"GET","path":"/api/v1/students/connection/69723b24ff12672014dd2ace/69723b24ff12672014dd2ace","requestId":"3311b724-2840-426d-bb06-c5131d09532e","service":"gemna-backend","statusCode":304,"timestamp":"2026-04-12T17:13:46.353Z"}
{"durationMs":3.61,"environment":"development","ip":"::1","level":"http","message":"HTTP request completed","method":"OPTIONS","path":"/api/v1/students/connection/69723b24ff12672014dd2ace/69ae503a578d309e1c76419a","requestId":"aeb036f7-c5e6-462e-8c06-4eb561ef9d52","service":"gemna-backend","statusCode":204,"timestamp":"2026-04-12T17:13:52.592Z"}
{"durationMs":228.84,"environment":"development","ip":"::1","level":"http","message":"HTTP request completed","method":"GET","path":"/api/v1/students/connection/69723b24ff12672014dd2ace/69ae503a578d309e1c76419a","requestId":"7bff287d-65ab-4038-99c6-44195d3e5724","service":"gemna-backend","statusCode":304,"timestamp":"2026-04-12T17:13:52.832Z"}
{"durationMs":6.51,"environment":"development","ip":"::1","level":"http","message":"HTTP request completed","method":"OPTIONS","path":"/api/attendance","requestId":"967caa1b-1812-413a-9b9e-290824329fae","service":"gemna-backend","statusCode":204,"timestamp":"2026-04-12T17:14:25.927Z"}
{"durationMs":784.71,"environment":"development","ip":"::1","level":"http","message":"HTTP request completed","method":"POST","path":"/api/attendance","requestId":"7f3e82b2-0713-4597-adbf-6e7838bea1a7","service":"gemna-backend","statusCode":200,"timestamp":"2026-04-12T17:14:26.781Z"}
{"durationMs":8.05,"environment":"development","ip":"::1","level":"http","message":"HTTP request completed","method":"OPTIONS","path":"/api/subject/get/linked/subject","requestId":"d2289696-4365-4f62-b434-3f015e946ad7","service":"gemna-backend","statusCode":204,"timestamp":"2026-04-12T17:14:28.078Z"}
{"durationMs":376.37,"environment":"development","ip":"::1","level":"http","message":"HTTP request completed","method":"POST","path":"/api/subject/get/linked/subject","requestId":"bef6f18c-08f1-4b2a-a528-6059bb1259ee","service":"gemna-backend","statusCode":200,"timestamp":"2026-04-12T17:14:28.463Z"}
{"durationMs":62.97,"environment":"development","ip":"::1","level":"http","message":"HTTP request completed","method":"OPTIONS","path":"/api/subject/get/linked/subject","requestId":"d3eba090-ba7a-4adf-a268-09bc08eef114","service":"gemna-backend","statusCode":204,"timestamp":"2026-04-12T17:21:51.794Z"}
{"durationMs":698.26,"environment":"development","ip":"::1","level":"http","message":"HTTP request completed","method":"POST","path":"/api/subject/get/linked/subject","requestId":"c39df63e-b084-4666-a54c-e7313d4f2147","service":"gemna-backend","statusCode":200,"timestamp":"2026-04-12T17:21:52.538Z"}
{"durationMs":6.22,"environment":"development","ip":"::1","level":"http","message":"HTTP request completed","method":"OPTIONS","path":"/api/v1/students/connection/notification/disabled","requestId":"0be88b8c-75da-464f-8015-85c7b5e234b0","service":"gemna-backend","statusCode":204,"timestamp":"2026-04-12T17:22:00.207Z"}
{"durationMs":318.63,"environment":"development","ip":"::1","level":"http","message":"HTTP request completed","method":"POST","path":"/api/v1/students/connection/notification/disabled","requestId":"a4bf1421-80a8-4627-bdd3-bfecb3b7b64c","service":"gemna-backend","statusCode":201,"timestamp":"2026-04-12T17:22:00.537Z"}
{"durationMs":2.52,"environment":"development","ip":"::1","level":"http","message":"HTTP request completed","method":"OPTIONS","path":"/api/v1/students/connection/notification/update/token","requestId":"e511aabf-2afe-4004-a18a-65856b278d07","service":"gemna-backend","statusCode":204,"timestamp":"2026-04-12T17:22:02.532Z"}
{"durationMs":85.84,"environment":"development","ip":"::1","level":"http","message":"HTTP request completed","method":"POST","path":"/api/v1/students/connection/notification/update/token","requestId":"add7558a-3568-475c-b129-84dae17ed007","service":"gemna-backend","statusCode":201,"timestamp":"2026-04-12T17:22:02.625Z"}
{"environment":"development","level":"info","message":"OpenTelemetry is disabled by configuration","service":"gemna-backend","timestamp":"2026-04-12T17:24:49.155Z"}
{"environment":"development","level":"info","message":"Connecting to MongoDB","service":"gemna-backend","timestamp":"2026-04-12T17:24:49.162Z"}
{"environment":"development","host":"localhost","level":"info","message":"Connected to MongoDB","name":"GEMNA","service":"gemna-backend","timestamp":"2026-04-12T17:24:49.432Z"}
{"backendUrl":"http://localhost:3000","environment":"development","level":"info","message":"Server is listening","port":3000,"service":"gemna-backend","timestamp":"2026-04-12T17:24:59.143Z"}
